<?xml version="1.0" encoding="UTF-8"?>
<testng-results ignored="0" total="1" passed="1" failed="0" skipped="0">
  <reporter-output>
  </reporter-output>
  <suite started-at="2023-03-27T03:06:48 IST" name="Default suite" finished-at="2023-03-27T03:06:57 IST" duration-ms="8998">
    <groups>
      <group name="cucumber">
        <method signature="AbstractTestNGCucumberTests.runScenario(io.cucumber.testng.PickleWrapper,io.cucumber.testng.FeatureWrapper)[pri:0, instance:selcucmber.Demo.TestRunner@470734c3]" name="runScenario" class="io.cucumber.testng.AbstractTestNGCucumberTests"/>
      </group> <!-- cucumber -->
    </groups>
    <test started-at="2023-03-27T03:06:48 IST" name="Default test" finished-at="2023-03-27T03:06:57 IST" duration-ms="8998">
      <class name="selcucmber.Demo.TestRunner">
        <test-method is-config="true" signature="setUpClass(org.testng.ITestContext)[pri:0, instance:selcucmber.Demo.TestRunner@470734c3]" started-at="2023-03-27T03:06:48 IST" name="setUpClass" finished-at="2023-03-27T03:06:49 IST" duration-ms="794" status="PASS">
          <params>
            <param index="0">
              <value>
                <![CDATA[org.testng.TestRunner@7bf01cb]]>
              </value>
            </param>
          </params>
          <reporter-output>
          </reporter-output>
        </test-method> <!-- setUpClass -->
        <test-method signature="runScenario(io.cucumber.testng.PickleWrapper,io.cucumber.testng.FeatureWrapper)[pri:0, instance:selcucmber.Demo.TestRunner@470734c3]" started-at="2023-03-27T03:06:49 IST" name="runScenario" description="Runs Cucumber Scenarios" data-provider="scenarios" finished-at="2023-03-27T03:06:57 IST" duration-ms="8040" status="PASS">
          <params>
            <param index="0">
              <value>
                <![CDATA["Verification of Login button"]]>
              </value>
            </param>
            <param index="1">
              <value>
                <![CDATA["Login functionality on login page of Application"]]>
              </value>
            </param>
          </params>
          <reporter-output>
          </reporter-output>
        </test-method> <!-- runScenario -->
        <test-method is-config="true" signature="tearDownClass()[pri:0, instance:selcucmber.Demo.TestRunner@470734c3]" started-at="2023-03-27T03:06:57 IST" name="tearDownClass" finished-at="2023-03-27T03:06:57 IST" duration-ms="105" status="PASS">
          <reporter-output>
          </reporter-output>
        </test-method> <!-- tearDownClass -->
      </class> <!-- selcucmber.Demo.TestRunner -->
    </test> <!-- Default test -->
  </suite> <!-- Default suite -->
</testng-results>
